Using pre-set license
Built from '2020.3/staging' branch; Version is '2020.3.11f1 (99c7afb366b3) revision 10078127'; Using compiler version '192528614'; Build Type 'Release'
OS: 'Windows 10 Pro; OS build 19043.1110; Version 2009; 64bit' Language: 'ko' Physical Memory: 16300 MB
BatchMode: 1, IsHumanControllingUs: 0, StartBugReporterOnCrash: 0, Is64bit: 1, IsPro: 0

 COMMAND LINE ARGUMENTS:
C:\Program Files\Unity\Hub\Editor\2020.3.11f1\Editor\Unity.exe
-adb2
-batchMode
-noUpm
-name
AssetImportWorker0
-projectPath
E:/Unity/ARFig/Mixamo Sang
-logFile
Logs/AssetImportWorker0.log
-srvPort
9623
Successfully changed project path to: E:/Unity/ARFig/Mixamo Sang
E:/Unity/ARFig/Mixamo Sang
Using Asset Import Pipeline V2.
Refreshing native plugins compatible for Editor in 43.73 ms, found 2 plugins.
Preloading 0 native plugins for Editor in 0.00 ms.
Initialize engine version: 2020.3.11f1 (99c7afb366b3)
[Subsystems] Discovering subsystems at path C:/Program Files/Unity/Hub/Editor/2020.3.11f1/Editor/Data/Resources/UnitySubsystems
[Subsystems] Discovering subsystems at path E:/Unity/ARFig/Mixamo Sang/Assets
GfxDevice: creating device client; threaded=0
Direct3D:
    Version:  Direct3D 11.0 [level 11.1]
    Renderer: NVIDIA GeForce GTX 1060 6GB (ID=0x1c03)
    Vendor:   
    VRAM:     6052 MB
    Driver:   27.21.14.5671
Initialize mono
Mono path[0] = 'C:/Program Files/Unity/Hub/Editor/2020.3.11f1/Editor/Data/Managed'
Mono path[1] = 'C:/Program Files/Unity/Hub/Editor/2020.3.11f1/Editor/Data/MonoBleedingEdge/lib/mono/unityjit'
Mono config path = 'C:/Program Files/Unity/Hub/Editor/2020.3.11f1/Editor/Data/MonoBleedingEdge/etc'
Using monoOptions --debugger-agent=transport=dt_socket,embedding=1,server=y,suspend=n,address=127.0.0.1:56532
Begin MonoManager ReloadAssembly
Registering precompiled unity dll's ...
Register platform support module: C:/Program Files/Unity/Hub/Editor/2020.3.11f1/Editor/Data/PlaybackEngines/WindowsStandaloneSupport/UnityEditor.WindowsStandalone.Extensions.dll
Registered in 0.008715 seconds.
Native extension for WindowsStandalone target not found
Refreshing native plugins compatible for Editor in 34.91 ms, found 2 plugins.
Preloading 0 native plugins for Editor in 0.00 ms.
Mono: successfully reloaded assembly
- Completed reload, in  2.780 seconds
Platform modules already initialized, skipping
Registering precompiled user dll's ...
Registered in 0.009955 seconds.
Begin MonoManager ReloadAssembly
Native extension for WindowsStandalone target not found
Refreshing native plugins compatible for Editor in 0.43 ms, found 2 plugins.
Preloading 0 native plugins for Editor in 0.00 ms.
Mono: successfully reloaded assembly
- Completed reload, in  1.610 seconds
Platform modules already initialized, skipping
========================================================================
Worker process is ready to serve import requests
Launched and connected shader compiler UnityShaderCompiler.exe after 0.10 seconds
Refreshing native plugins compatible for Editor in 0.38 ms, found 2 plugins.
Preloading 0 native plugins for Editor in 0.00 ms.
Unloading 1386 Unused Serialized files (Serialized files now loaded: 0)
System memory in use before: 67.2 MB.
System memory in use after: 67.3 MB.

Unloading 19 unused Assets to reduce memory usage. Loaded Objects now: 1819.
Total: 2.134300 ms (FindLiveObjects: 0.163600 ms CreateObjectMapping: 0.049400 ms MarkObjects: 1.832400 ms  DeleteObjects: 0.087800 ms)

========================================================================
Received Import Request.
  path: Assets/Model
  artifactKey: Guid(ae7c6f31828c1ad41b1afa0aecbe1cc3) Importer(815301076,1909f56bfc062723c751e8b465ee728b)
Start importing Assets/Model using Guid(ae7c6f31828c1ad41b1afa0aecbe1cc3) Importer(815301076,1909f56bfc062723c751e8b465ee728b)  -> (artifact id: 'b3c81fb55ecbb21c5aa9adb299fd05af') in 0.013932 seconds
  Import took 0.017027 seconds .

========================================================================
Received Import Request.
  Time since last request: 5.180915 seconds.
  path: Assets/Model/Ch14_nonPBR.fbx
  artifactKey: Guid(e39fc3950dda41b47837847320a9f962) Importer(815301076,1909f56bfc062723c751e8b465ee728b)
Start importing Assets/Model/Ch14_nonPBR.fbx using Guid(e39fc3950dda41b47837847320a9f962) Importer(815301076,1909f56bfc062723c751e8b465ee728b)  -> (artifact id: '7ecce0379727732bb696c40e4a4e8bdb') in 0.912141 seconds
  Import took 0.925089 seconds .

========================================================================
Received Import Request.
  Time since last request: 0.000287 seconds.
  path: Assets/Model/Ch14_nonPBR@Orc Walk.fbx
  artifactKey: Guid(86c6b8251a8d7ec4d85db93d8d71ea93) Importer(815301076,1909f56bfc062723c751e8b465ee728b)
Start importing Assets/Model/Ch14_nonPBR@Orc Walk.fbx using Guid(86c6b8251a8d7ec4d85db93d8d71ea93) Importer(815301076,1909f56bfc062723c751e8b465ee728b)  -> (artifact id: '3e9d663fcddb71812851b18a4cb5336e') in 0.044542 seconds
  Import took 0.051376 seconds .

========================================================================
Received Import Request.
  Time since last request: 8.725329 seconds.
  path: Assets/Model/Ch14_nonPBR.fbx
  artifactKey: Guid(e39fc3950dda41b47837847320a9f962) Importer(815301076,1909f56bfc062723c751e8b465ee728b)
Start importing Assets/Model/Ch14_nonPBR.fbx using Guid(e39fc3950dda41b47837847320a9f962) Importer(815301076,1909f56bfc062723c751e8b465ee728b)  -> (artifact id: '4fbf12c86b6f64359b4801522a345950') in 0.052075 seconds
  Import took 0.064462 seconds .

========================================================================
Received Import Request.
  Time since last request: 77.068106 seconds.
  path: Assets/Model/character.fbx
  artifactKey: Guid(6d22f153908972c438a512e1b53805a1) Importer(815301076,1909f56bfc062723c751e8b465ee728b)
Start importing Assets/Model/character.fbx using Guid(6d22f153908972c438a512e1b53805a1) Importer(815301076,1909f56bfc062723c751e8b465ee728b)  -> (artifact id: '750fe24e3ce646f237b559916471565a') in 0.044052 seconds
  Import took 0.056374 seconds .

========================================================================
Received Import Request.
  Time since last request: 5.277910 seconds.
  path: Assets/Model/character.fbx
  artifactKey: Guid(6d22f153908972c438a512e1b53805a1) Importer(815301076,1909f56bfc062723c751e8b465ee728b)
Start importing Assets/Model/character.fbx using Guid(6d22f153908972c438a512e1b53805a1) Importer(815301076,1909f56bfc062723c751e8b465ee728b)  -> (artifact id: '5e4a28b832a32bbb2d211886d7c3ad1a') in 0.053510 seconds
  Import took 0.062882 seconds .

========================================================================
Received Import Request.
  Time since last request: 7.963582 seconds.
  path: Assets/Model/Ch14_nonPBR@Orc Walk.fbx
  artifactKey: Guid(86c6b8251a8d7ec4d85db93d8d71ea93) Importer(815301076,1909f56bfc062723c751e8b465ee728b)
Start importing Assets/Model/Ch14_nonPBR@Orc Walk.fbx using Guid(86c6b8251a8d7ec4d85db93d8d71ea93) Importer(815301076,1909f56bfc062723c751e8b465ee728b)  -> (artifact id: '97002eee3f14b887211c9118f292acc9') in 0.039184 seconds
  Import took 0.051521 seconds .

========================================================================
Received Import Request.
  Time since last request: 13.176070 seconds.
  path: Assets/Model/Ch14_nonPBR.fbx
  artifactKey: Guid(e39fc3950dda41b47837847320a9f962) Importer(815301076,1909f56bfc062723c751e8b465ee728b)
Start importing Assets/Model/Ch14_nonPBR.fbx using Guid(e39fc3950dda41b47837847320a9f962) Importer(815301076,1909f56bfc062723c751e8b465ee728b)  -> (artifact id: '769a9803bef7f7c7fe4abc94f76e5bd8') in 0.042233 seconds
  Import took 0.055740 seconds .

========================================================================
Received Import Request.
  Time since last request: 129.275386 seconds.
  path: Assets/Model/Ch14_nonPBR.fbx
  artifactKey: Guid(e39fc3950dda41b47837847320a9f962) Importer(815301076,1909f56bfc062723c751e8b465ee728b)
Start importing Assets/Model/Ch14_nonPBR.fbx using Guid(e39fc3950dda41b47837847320a9f962) Importer(815301076,1909f56bfc062723c751e8b465ee728b)  -> (artifact id: '648871e8afce75cb9a9f54e686644a09') in 0.042711 seconds
  Import took 0.048568 seconds .

========================================================================
Received Import Request.
  Time since last request: 0.000273 seconds.
  path: Assets/Model/Ch19_nonPBR.fbx
  artifactKey: Guid(85082c57efd82e64b972e5707e49e1dc) Importer(815301076,1909f56bfc062723c751e8b465ee728b)
Start importing Assets/Model/Ch19_nonPBR.fbx using Guid(85082c57efd82e64b972e5707e49e1dc) Importer(815301076,1909f56bfc062723c751e8b465ee728b)  -> (artifact id: '44a8a24afcc48ff2d0cb4389211a6920') in 0.072239 seconds
  Import took 0.076127 seconds .

========================================================================
Received Import Request.
  Time since last request: 17.652595 seconds.
  path: Assets/Model/Ch14_nonPBR.fbx
  artifactKey: Guid(e39fc3950dda41b47837847320a9f962) Importer(815301076,1909f56bfc062723c751e8b465ee728b)
Start importing Assets/Model/Ch14_nonPBR.fbx using Guid(e39fc3950dda41b47837847320a9f962) Importer(815301076,1909f56bfc062723c751e8b465ee728b)  -> (artifact id: '762d59ef7e2a0a36522abcdaa7f18ef2') in 0.043100 seconds
  Import took 0.046860 seconds .

========================================================================
Received Import Request.
  Time since last request: 17.893553 seconds.
  path: Assets/Model/Pig.controller
  artifactKey: Guid(84058595fc0e9fa4aab0d79adf2f5c61) Importer(815301076,1909f56bfc062723c751e8b465ee728b)
Start importing Assets/Model/Pig.controller using Guid(84058595fc0e9fa4aab0d79adf2f5c61) Importer(815301076,1909f56bfc062723c751e8b465ee728b)  -> (artifact id: '10e9848c928edbc66d91f05dcb5f5761') in 0.043838 seconds
  Import took 0.053962 seconds .

========================================================================
Received Import Request.
  Time since last request: 117.093201 seconds.
  path: Assets/Model/Orc Walk.anim
  artifactKey: Guid(e4234d0b38f1f5843a6d58e00ce5b733) Importer(815301076,1909f56bfc062723c751e8b465ee728b)
Start importing Assets/Model/Orc Walk.anim using Guid(e4234d0b38f1f5843a6d58e00ce5b733) Importer(815301076,1909f56bfc062723c751e8b465ee728b)  -> (artifact id: 'db034363d9496275e90ac12683017023') in 0.048742 seconds
  Import took 0.061943 seconds .

========================================================================
Received Import Request.
  Time since last request: 5045.555232 seconds.
  path: Assets/Model/Ch14_Body.mat
  artifactKey: Guid(32e5a74da05a5d24793b70d489ec7ea8) Importer(815301076,1909f56bfc062723c751e8b465ee728b)
Start importing Assets/Model/Ch14_Body.mat using Guid(32e5a74da05a5d24793b70d489ec7ea8) Importer(815301076,1909f56bfc062723c751e8b465ee728b)  -> (artifact id: '02b6fdfca7e8cb8028ac05689f41154a') in 0.226863 seconds
  Import took 0.256005 seconds .

========================================================================
Received Import Request.
  Time since last request: 11.366718 seconds.
  path: Assets/Model/Ch14_Body.mat
  artifactKey: Guid(32e5a74da05a5d24793b70d489ec7ea8) Importer(815301076,1909f56bfc062723c751e8b465ee728b)
Start importing Assets/Model/Ch14_Body.mat using Guid(32e5a74da05a5d24793b70d489ec7ea8) Importer(815301076,1909f56bfc062723c751e8b465ee728b)  -> (artifact id: '7a2958b06bf11b4ab9714586ce79c484') in 0.019358 seconds
  Import took 0.023431 seconds .

========================================================================
Received Import Request.
  Time since last request: 5.135321 seconds.
  path: Assets/Model/Ch14_Body 1.mat
  artifactKey: Guid(34ae9c02f93974742ad9de36ac5fc1de) Importer(815301076,1909f56bfc062723c751e8b465ee728b)
Start importing Assets/Model/Ch14_Body 1.mat using Guid(34ae9c02f93974742ad9de36ac5fc1de) Importer(815301076,1909f56bfc062723c751e8b465ee728b)  -> (artifact id: '5c562cedab9c4218d3d5b607323ce638') in 0.029007 seconds
  Import took 0.033265 seconds .

========================================================================
Received Import Request.
  Time since last request: 11.197105 seconds.
  path: Assets/Model/Ch14_Body 1.mat
  artifactKey: Guid(34ae9c02f93974742ad9de36ac5fc1de) Importer(815301076,1909f56bfc062723c751e8b465ee728b)
Start importing Assets/Model/Ch14_Body 1.mat using Guid(34ae9c02f93974742ad9de36ac5fc1de) Importer(815301076,1909f56bfc062723c751e8b465ee728b)  -> (artifact id: '3c3543795c0e67fdbc2a73c3e4f73414') in 0.037554 seconds
  Import took 0.044112 seconds .

========================================================================
Received Import Request.
  Time since last request: 0.000288 seconds.
  path: Assets/Model/Ch14_Body 2.mat
  artifactKey: Guid(a522b75f2b1b5e9439020f7a764b9fc6) Importer(815301076,1909f56bfc062723c751e8b465ee728b)
Start importing Assets/Model/Ch14_Body 2.mat using Guid(a522b75f2b1b5e9439020f7a764b9fc6) Importer(815301076,1909f56bfc062723c751e8b465ee728b)  -> (artifact id: 'c7f9fdda0d2cb4396831b0200d00d011') in 0.040555 seconds
  Import took 0.043893 seconds .

========================================================================
Received Import Request.
  Time since last request: 10.985220 seconds.
  path: Assets/Model/Ch14_Body 1.mat
  artifactKey: Guid(34ae9c02f93974742ad9de36ac5fc1de) Importer(815301076,1909f56bfc062723c751e8b465ee728b)
Start importing Assets/Model/Ch14_Body 1.mat using Guid(34ae9c02f93974742ad9de36ac5fc1de) Importer(815301076,1909f56bfc062723c751e8b465ee728b)  -> (artifact id: '86825315488ed2f2c3dac36650714e6b') in 0.025525 seconds
  Import took 0.031500 seconds .

========================================================================
Received Import Request.
  Time since last request: 0.000318 seconds.
  path: Assets/Model/Ch14_Body 3.mat
  artifactKey: Guid(cfe78dba4b7d2924a82f7bc325070c96) Importer(815301076,1909f56bfc062723c751e8b465ee728b)
Start importing Assets/Model/Ch14_Body 3.mat using Guid(cfe78dba4b7d2924a82f7bc325070c96) Importer(815301076,1909f56bfc062723c751e8b465ee728b)  -> (artifact id: '58c04c49d73646b37ac40e2464bc8d4c') in 0.028823 seconds
  Import took 0.043656 seconds .

========================================================================
Received Import Request.
  Time since last request: 272.686230 seconds.
  path: Assets/Model/Pig.controller
  artifactKey: Guid(84058595fc0e9fa4aab0d79adf2f5c61) Importer(815301076,1909f56bfc062723c751e8b465ee728b)
Start importing Assets/Model/Pig.controller using Guid(84058595fc0e9fa4aab0d79adf2f5c61) Importer(815301076,1909f56bfc062723c751e8b465ee728b)  -> (artifact id: 'b7a9fab8ab0820526b86420e627f4293') in 0.058096 seconds
  Import took 0.080178 seconds .

========================================================================
Received Import Request.
  Time since last request: 53.259920 seconds.
  path: Assets/Model/Ch14_nonPBR.fbx
  artifactKey: Guid(e39fc3950dda41b47837847320a9f962) Importer(815301076,1909f56bfc062723c751e8b465ee728b)
Start importing Assets/Model/Ch14_nonPBR.fbx using Guid(e39fc3950dda41b47837847320a9f962) Importer(815301076,1909f56bfc062723c751e8b465ee728b)  -> (artifact id: '083dfed8f194608b3b469faf59ab67d0') in 0.073799 seconds
  Import took 0.081404 seconds .

========================================================================
Received Import Request.
  Time since last request: 0.000329 seconds.
  path: Assets/Model/Ch14_nonPBR@Standing Up.fbx
  artifactKey: Guid(52e580497635bef49ba6310b425474a1) Importer(815301076,1909f56bfc062723c751e8b465ee728b)
Start importing Assets/Model/Ch14_nonPBR@Standing Up.fbx using Guid(52e580497635bef49ba6310b425474a1) Importer(815301076,1909f56bfc062723c751e8b465ee728b)  -> (artifact id: 'ae12268efcadf6777624773aa6f1d0d1') in 0.060957 seconds
  Import took 0.065274 seconds .

========================================================================
Received Import Request.
  Time since last request: 0.000290 seconds.
  path: Assets/Model/Ch14_nonPBR.fbx
  artifactKey: Guid(e39fc3950dda41b47837847320a9f962) Importer(815301076,1909f56bfc062723c751e8b465ee728b)
Start importing Assets/Model/Ch14_nonPBR.fbx using Guid(e39fc3950dda41b47837847320a9f962) Importer(815301076,1909f56bfc062723c751e8b465ee728b)  -> (artifact id: '083dfed8f194608b3b469faf59ab67d0') in 0.042027 seconds
  Import took 0.045502 seconds .

========================================================================
Received Import Request.
  Time since last request: 24.200018 seconds.
  path: Assets/Model/Ch14_nonPBR@Standing Up.fbx
  artifactKey: Guid(52e580497635bef49ba6310b425474a1) Importer(815301076,1909f56bfc062723c751e8b465ee728b)
Start importing Assets/Model/Ch14_nonPBR@Standing Up.fbx using Guid(52e580497635bef49ba6310b425474a1) Importer(815301076,1909f56bfc062723c751e8b465ee728b)  -> (artifact id: 'b152b4214b4800021306eefb143e2b2d') in 0.046365 seconds
  Import took 0.050532 seconds .

========================================================================
Received Import Request.
  Time since last request: 31.843620 seconds.
  path: Assets/Model/Standing Up.anim
  artifactKey: Guid(32109f606b6182843b05a371e61ca018) Importer(815301076,1909f56bfc062723c751e8b465ee728b)
Start importing Assets/Model/Standing Up.anim using Guid(32109f606b6182843b05a371e61ca018) Importer(815301076,1909f56bfc062723c751e8b465ee728b)  -> (artifact id: 'c5c5fc1ed4eaba8bff207bfc6d60f7ea') in 0.047794 seconds
  Import took 0.071652 seconds .

========================================================================
Received Prepare
Registering precompiled user dll's ...
Registered in 0.008412 seconds.
Begin MonoManager ReloadAssembly
Native extension for WindowsStandalone target not found
Refreshing native plugins compatible for Editor in 0.40 ms, found 2 plugins.
Preloading 0 native plugins for Editor in 0.00 ms.
Mono: successfully reloaded assembly
- Completed reload, in  1.364 seconds
Platform modules already initialized, skipping
Refreshing native plugins compatible for Editor in 0.39 ms, found 2 plugins.
Preloading 0 native plugins for Editor in 0.00 ms.
Unloading 1381 Unused Serialized files (Serialized files now loaded: 0)
System memory in use before: 84.4 MB.
System memory in use after: 84.4 MB.

Unloading 14 unused Assets to reduce memory usage. Loaded Objects now: 1866.
Total: 2.131600 ms (FindLiveObjects: 0.163800 ms CreateObjectMapping: 0.048000 ms MarkObjects: 1.857200 ms  DeleteObjects: 0.061400 ms)

========================================================================
Received Import Request.
  Time since last request: 58.004400 seconds.
  path: Assets/Model/Pig 2.controller
  artifactKey: Guid(a640d15a126ab5142acea0cd5c7dded7) Importer(815301076,1909f56bfc062723c751e8b465ee728b)
Start importing Assets/Model/Pig 2.controller using Guid(a640d15a126ab5142acea0cd5c7dded7) Importer(815301076,1909f56bfc062723c751e8b465ee728b)  -> (artifact id: 'e61b5cbe7d82285de64e3863c41059ce') in 0.083532 seconds
  Import took 0.087627 seconds .

========================================================================
Received Import Request.
  Time since last request: 0.098396 seconds.
  path: Assets/Model/Pig 3.controller
  artifactKey: Guid(5efb806db47da3c4bb7754d4309063ca) Importer(815301076,1909f56bfc062723c751e8b465ee728b)
Start importing Assets/Model/Pig 3.controller using Guid(5efb806db47da3c4bb7754d4309063ca) Importer(815301076,1909f56bfc062723c751e8b465ee728b)  -> (artifact id: 'c8631562bd33d7ebec0e8eef52d3a1a2') in 0.062750 seconds
  Import took 0.066096 seconds .

========================================================================
Received Import Request.
  Time since last request: 0.103215 seconds.
  path: Assets/Model/Pig 4.controller
  artifactKey: Guid(1138d1fc9990c7d4f965e05273a135cc) Importer(815301076,1909f56bfc062723c751e8b465ee728b)
Start importing Assets/Model/Pig 4.controller using Guid(1138d1fc9990c7d4f965e05273a135cc) Importer(815301076,1909f56bfc062723c751e8b465ee728b)  -> (artifact id: '7bfa72b7390978a78d6e3036408c6749') in 0.062050 seconds
  Import took 0.065383 seconds .

========================================================================
Received Import Request.
  Time since last request: 0.107646 seconds.
  path: Assets/Model/Pig 5.controller
  artifactKey: Guid(7a87abd835f05ab4bb38e88d6cde94b0) Importer(815301076,1909f56bfc062723c751e8b465ee728b)
Start importing Assets/Model/Pig 5.controller using Guid(7a87abd835f05ab4bb38e88d6cde94b0) Importer(815301076,1909f56bfc062723c751e8b465ee728b)  -> (artifact id: '7660e7294933ca22d0bc885d8839ff40') in 0.063231 seconds
  Import took 0.066764 seconds .

========================================================================
Received Import Request.
  Time since last request: 0.000295 seconds.
  path: Assets/Model/Ch14_Body 1.mat
  artifactKey: Guid(34ae9c02f93974742ad9de36ac5fc1de) Importer(815301076,1909f56bfc062723c751e8b465ee728b)
Start importing Assets/Model/Ch14_Body 1.mat using Guid(34ae9c02f93974742ad9de36ac5fc1de) Importer(815301076,1909f56bfc062723c751e8b465ee728b)  -> (artifact id: '073654559e45db9da3b4f49db5da35d5') in 0.067125 seconds
  Import took 0.070062 seconds .

========================================================================
Received Import Request.
  Time since last request: 0.000294 seconds.
  path: Assets/Model/Ch14_Body 4.mat
  artifactKey: Guid(23d0742ee4f7f414f9345e08d08451d6) Importer(815301076,1909f56bfc062723c751e8b465ee728b)
Start importing Assets/Model/Ch14_Body 4.mat using Guid(23d0742ee4f7f414f9345e08d08451d6) Importer(815301076,1909f56bfc062723c751e8b465ee728b)  -> (artifact id: '421d41f640d38c84ca21c62adea8609e') in 0.021721 seconds
  Import took 0.024902 seconds .

========================================================================
Received Import Request.
  Time since last request: 11.627094 seconds.
  path: Assets/Model/Pig.controller
  artifactKey: Guid(84058595fc0e9fa4aab0d79adf2f5c61) Importer(815301076,1909f56bfc062723c751e8b465ee728b)
Start importing Assets/Model/Pig.controller using Guid(84058595fc0e9fa4aab0d79adf2f5c61) Importer(815301076,1909f56bfc062723c751e8b465ee728b)  -> (artifact id: 'b29b622962920fae0e80b9411673a2f4') in 0.065086 seconds
  Import took 0.069235 seconds .

========================================================================
Received Import Request.
  Time since last request: 8.834099 seconds.
  path: Assets/Model/Mom.controller
  artifactKey: Guid(84058595fc0e9fa4aab0d79adf2f5c61) Importer(815301076,1909f56bfc062723c751e8b465ee728b)
Start importing Assets/Model/Mom.controller using Guid(84058595fc0e9fa4aab0d79adf2f5c61) Importer(815301076,1909f56bfc062723c751e8b465ee728b)  -> (artifact id: 'bc7a34a9aa9d598997ff9969292d3e00') in 0.072256 seconds
  Import took 0.076051 seconds .

========================================================================
Received Import Request.
  Time since last request: 1.388358 seconds.
  path: Assets/Model/Pig 4.controller
  artifactKey: Guid(1138d1fc9990c7d4f965e05273a135cc) Importer(815301076,1909f56bfc062723c751e8b465ee728b)
Start importing Assets/Model/Pig 4.controller using Guid(1138d1fc9990c7d4f965e05273a135cc) Importer(815301076,1909f56bfc062723c751e8b465ee728b)  -> (artifact id: 'e0284baf179580c22cc716c45e64d679') in 0.064924 seconds
  Import took 0.068586 seconds .

========================================================================
Received Import Request.
  Time since last request: 2.883127 seconds.
  path: Assets/Model/W.controller
  artifactKey: Guid(1138d1fc9990c7d4f965e05273a135cc) Importer(815301076,1909f56bfc062723c751e8b465ee728b)
Start importing Assets/Model/W.controller using Guid(1138d1fc9990c7d4f965e05273a135cc) Importer(815301076,1909f56bfc062723c751e8b465ee728b)  -> (artifact id: '931c991a6503b2e7b46376d1d1b7e810') in 0.065859 seconds
  Import took 0.069446 seconds .

AssetImportWorkerClient::OnTransportError - code=2 error=End of file
