Using pre-set license
Built from '2020.3/staging' branch; Version is '2020.3.11f1 (99c7afb366b3) revision 10078127'; Using compiler version '192528614'; Build Type 'Release'
OS: 'Windows 10 Pro; OS build 19043.1110; Version 2009; 64bit' Language: 'ko' Physical Memory: 16300 MB
BatchMode: 1, IsHumanControllingUs: 0, StartBugReporterOnCrash: 0, Is64bit: 1, IsPro: 0

 COMMAND LINE ARGUMENTS:
C:\Program Files\Unity\Hub\Editor\2020.3.11f1\Editor\Unity.exe
-adb2
-batchMode
-noUpm
-name
AssetImportWorker0
-projectPath
E:/git_rac/ARpopup/ARFig/Mixamo Sang
-logFile
Logs/AssetImportWorker0.log
-srvPort
6539
Successfully changed project path to: E:/git_rac/ARpopup/ARFig/Mixamo Sang
E:/git_rac/ARpopup/ARFig/Mixamo Sang
Using Asset Import Pipeline V2.
Refreshing native plugins compatible for Editor in 39.98 ms, found 2 plugins.
Preloading 0 native plugins for Editor in 0.00 ms.
Initialize engine version: 2020.3.11f1 (99c7afb366b3)
[Subsystems] Discovering subsystems at path C:/Program Files/Unity/Hub/Editor/2020.3.11f1/Editor/Data/Resources/UnitySubsystems
[Subsystems] Discovering subsystems at path E:/git_rac/ARpopup/ARFig/Mixamo Sang/Assets
GfxDevice: creating device client; threaded=0
Direct3D:
    Version:  Direct3D 11.0 [level 11.1]
    Renderer: NVIDIA GeForce GTX 1060 6GB (ID=0x1c03)
    Vendor:   
    VRAM:     6052 MB
    Driver:   27.21.14.5671
Initialize mono
Mono path[0] = 'C:/Program Files/Unity/Hub/Editor/2020.3.11f1/Editor/Data/Managed'
Mono path[1] = 'C:/Program Files/Unity/Hub/Editor/2020.3.11f1/Editor/Data/MonoBleedingEdge/lib/mono/unityjit'
Mono config path = 'C:/Program Files/Unity/Hub/Editor/2020.3.11f1/Editor/Data/MonoBleedingEdge/etc'
Using monoOptions --debugger-agent=transport=dt_socket,embedding=1,server=y,suspend=n,address=127.0.0.1:56116
Begin MonoManager ReloadAssembly
Registering precompiled unity dll's ...
Register platform support module: C:/Program Files/Unity/Hub/Editor/2020.3.11f1/Editor/Data/PlaybackEngines/WindowsStandaloneSupport/UnityEditor.WindowsStandalone.Extensions.dll
Registered in 0.007744 seconds.
Native extension for WindowsStandalone target not found
Refreshing native plugins compatible for Editor in 44.15 ms, found 2 plugins.
Preloading 0 native plugins for Editor in 0.00 ms.
Mono: successfully reloaded assembly
- Completed reload, in  2.809 seconds
Platform modules already initialized, skipping
Registering precompiled user dll's ...
Registered in 0.011152 seconds.
Begin MonoManager ReloadAssembly
Native extension for WindowsStandalone target not found
Refreshing native plugins compatible for Editor in 0.38 ms, found 2 plugins.
Preloading 0 native plugins for Editor in 0.00 ms.
Mono: successfully reloaded assembly
- Completed reload, in  1.551 seconds
Platform modules already initialized, skipping
========================================================================
Worker process is ready to serve import requests
Launched and connected shader compiler UnityShaderCompiler.exe after 0.11 seconds
Refreshing native plugins compatible for Editor in 0.37 ms, found 2 plugins.
Preloading 0 native plugins for Editor in 0.00 ms.
Unloading 1386 Unused Serialized files (Serialized files now loaded: 0)
System memory in use before: 67.3 MB.
System memory in use after: 67.4 MB.

Unloading 19 unused Assets to reduce memory usage. Loaded Objects now: 1819.
Total: 2.192700 ms (FindLiveObjects: 0.162200 ms CreateObjectMapping: 0.048500 ms MarkObjects: 1.884900 ms  DeleteObjects: 0.095900 ms)

========================================================================
Received Import Request.
  path: Assets/Model/Ch14_nonPBR.fbx
  artifactKey: Guid(e39fc3950dda41b47837847320a9f962) Importer(815301076,1909f56bfc062723c751e8b465ee728b)
Start importing Assets/Model/Ch14_nonPBR.fbx using Guid(e39fc3950dda41b47837847320a9f962) Importer(815301076,1909f56bfc062723c751e8b465ee728b)  -> (artifact id: 'd39deb2aff359e5edf45dfe2f8e7ba21') in 0.289514 seconds
  Import took 0.293104 seconds .

========================================================================
Received Import Request.
  Time since last request: 0.000394 seconds.
  path: Assets/Model/Ch14_nonPBR@Right Cover Sneak.fbx
  artifactKey: Guid(7c153fbdedfa21b4bae42d26dbc14196) Importer(815301076,1909f56bfc062723c751e8b465ee728b)
Start importing Assets/Model/Ch14_nonPBR@Right Cover Sneak.fbx using Guid(7c153fbdedfa21b4bae42d26dbc14196) Importer(815301076,1909f56bfc062723c751e8b465ee728b)  -> (artifact id: 'd8fc9b1368e15c2ef35491944a55d437') in 0.044262 seconds
  Import took 0.047862 seconds .

========================================================================
Received Import Request.
  Time since last request: 37.037897 seconds.
  path: Assets/Model/Ch14_nonPBR@Right Cover Sneak.fbx
  artifactKey: Guid(7c153fbdedfa21b4bae42d26dbc14196) Importer(815301076,1909f56bfc062723c751e8b465ee728b)
Start importing Assets/Model/Ch14_nonPBR@Right Cover Sneak.fbx using Guid(7c153fbdedfa21b4bae42d26dbc14196) Importer(815301076,1909f56bfc062723c751e8b465ee728b)  -> (artifact id: '9ca28fe4ca52d03a788de0dcc84cb33d') in 0.044557 seconds
  Import took 0.048256 seconds .

========================================================================
Received Prepare
Registering precompiled user dll's ...
Registered in 0.006957 seconds.
Begin MonoManager ReloadAssembly
Native extension for WindowsStandalone target not found
Refreshing native plugins compatible for Editor in 0.39 ms, found 2 plugins.
Preloading 0 native plugins for Editor in 0.00 ms.
Mono: successfully reloaded assembly
- Completed reload, in  1.334 seconds
Platform modules already initialized, skipping
Refreshing native plugins compatible for Editor in 0.38 ms, found 2 plugins.
Preloading 0 native plugins for Editor in 0.00 ms.
Unloading 1381 Unused Serialized files (Serialized files now loaded: 0)
System memory in use before: 84.3 MB.
System memory in use after: 84.4 MB.

Unloading 14 unused Assets to reduce memory usage. Loaded Objects now: 1866.
Total: 2.307400 ms (FindLiveObjects: 0.162700 ms CreateObjectMapping: 0.049700 ms MarkObjects: 2.030200 ms  DeleteObjects: 0.063700 ms)

========================================================================
Received Import Request.
  Time since last request: 145.381855 seconds.
  path: Assets/Model/Right Cover Sneak.anim
  artifactKey: Guid(063efe56ee1d4334e9a0db44ba7a0014) Importer(815301076,1909f56bfc062723c751e8b465ee728b)
Start importing Assets/Model/Right Cover Sneak.anim using Guid(063efe56ee1d4334e9a0db44ba7a0014) Importer(815301076,1909f56bfc062723c751e8b465ee728b)  -> (artifact id: 'd4201c66c112b89cee0ebc83356ace7f') in 0.034573 seconds
  Import took 0.037683 seconds .

========================================================================
Received Prepare
Registering precompiled user dll's ...
Registered in 0.007095 seconds.
Begin MonoManager ReloadAssembly
Native extension for WindowsStandalone target not found
Refreshing native plugins compatible for Editor in 0.42 ms, found 2 plugins.
Preloading 0 native plugins for Editor in 0.00 ms.
Mono: successfully reloaded assembly
- Completed reload, in  1.288 seconds
Platform modules already initialized, skipping
Refreshing native plugins compatible for Editor in 0.39 ms, found 2 plugins.
Preloading 0 native plugins for Editor in 0.00 ms.
Unloading 1381 Unused Serialized files (Serialized files now loaded: 0)
System memory in use before: 84.3 MB.
System memory in use after: 84.4 MB.

Unloading 14 unused Assets to reduce memory usage. Loaded Objects now: 1869.
Total: 2.138700 ms (FindLiveObjects: 0.149500 ms CreateObjectMapping: 0.048700 ms MarkObjects: 1.875000 ms  DeleteObjects: 0.064400 ms)

========================================================================
Received Import Request.
  Time since last request: 308.855333 seconds.
  path: Assets/Model/Right Cover Sneak.anim
  artifactKey: Guid(063efe56ee1d4334e9a0db44ba7a0014) Importer(815301076,1909f56bfc062723c751e8b465ee728b)
Start importing Assets/Model/Right Cover Sneak.anim using Guid(063efe56ee1d4334e9a0db44ba7a0014) Importer(815301076,1909f56bfc062723c751e8b465ee728b)  -> (artifact id: 'fdb8ef9dafa3fb0e2f361073aa5f2587') in 0.026680 seconds
  Import took 0.029701 seconds .

AssetImportWorkerClient::OnTransportError - code=2 error=End of file
